<?xml version="1.0" encoding="utf-8"?>
<shfbBuild product="Sandcastle Help File Builder and Tools" version="2019.4.14.0" projectFile="C:\Users\Mavidian\Source\Repos\DataConveyer\DataConveyer_doc\DataConveyer_doc.shfbproj" started="6/2/2019 9:41:58 PM">
<buildStep step="Initializing">
Finding tools...
The Sandcastle tools are located in &#39;C:\Program Files (x86)\EWSoftware\Sandcastle Help File Builder\&#39;
Searching for HTML Help 1 compiler...
Found HTML Help 1 compiler in &#39;C:\Program Files (x86)\HTML Help Workshop\&#39;
Locating components in the following folder(s):
    C:\Users\Mavidian\Source\Repos\DataConveyer\DataConveyer_doc
    C:\ProgramData\EWSoftware\Sandcastle Help File Builder\Components and Plug-Ins\
    C:\Program Files (x86)\EWSoftware\Sandcastle Help File Builder\
Using framework reflection data for &#39;.NET Framework 4.7.2&#39; located in &#39;C:\Program Files (x86)\EWSoftware\Sandcastle Help File Builder\Data\.NETFramework&#39;
Using presentation style &#39;VS2013&#39; located in &#39;C:\Program Files (x86)\EWSoftware\Sandcastle Help File Builder\PresentationStyles\VS2013&#39;
Loading and initializing plug-ins...
Lightweight Website Style Version 2019.4.14.0
Copyright &#169; 2006-2019, Eric Woodruff, All Rights Reserved
Portions Copyright &#169; 2014, Sam Harwell, All Rights Reserved
-------------------------------
Clearing any prior web/markdown output...
</buildStep>
<buildStep step="ValidatingDocumentationSources">
Validating and copying documentation source information
Source: C:\Users\Mavidian\Source\Repos\DataConveyer\DataConveyer\DataConveyer.csproj
    Found project &#39;C:\Users\Mavidian\Source\Repos\DataConveyer\DataConveyer\DataConveyer.csproj&#39;

Parsing project files
    Found assembly &#39;C:\Users\Mavidian\Source\Repos\DataConveyer\DataConveyer\bin\Release\netstandard2.0\DataConveyer.dll&#39;
SHFB: Warning BE0007: A project with a different or higher framework version was found.  Changing project FrameworkVersion property from &#39;.NET Framework 4.7.2&#39; to &#39;.NET Framework 4.5.2&#39; for the build.

References to include (excluding framework assemblies):
    Newtonsoft.Json
    System.Threading.Tasks.Dataflow

Copying XML comments files
    C:\Users\Mavidian\Source\Repos\DataConveyer\DataConveyer\bin\Release\DataConveyer.xml -&gt; C:\Users\Mavidian\Source\Repos\DataConveyer\DataConveyer_doc\Help\Working\DataConveyer.xml
</buildStep>
<buildStep step="GenerateSharedContent">
Generating shared content files (en-US, English (United States))...
<plugIn name="Lightweight Website Style" behavior="After" priority="1000">
</plugIn>    Last step completed in 00:00:00.0170
</buildStep>
<buildStep step="GenerateApiFilter">
Generating API filter for MRefBuilder...
    Last step completed in 00:00:00.0080
</buildStep>
<buildStep step="GenerateReflectionInfo">
Generating reflection information...
[C:\Program Files (x86)\Microsoft Visual Studio\2019\Community\MSBuild\Current\Bin\MSBuild.exe - GenerateRefInfo.proj]
Build started 6/2/2019 9:42:00 PM.
Project &quot;C:\Users\Mavidian\Source\Repos\DataConveyer\DataConveyer_doc\Help\Working\GenerateRefInfo.proj&quot; on node 1 (default targets).
PrepareForBuild:
  Creating directory &quot;obj\Debug\&quot;.
GenerateRefInfo:
  MRefBuilder (v2019.4.14.0)
  Copyright c 2006-2019, Microsoft Corporation, All Rights Reserved.
  Portions Copyright c 2006-2019, Eric Woodruff, All Rights Reserved.
  No source code context base path specified.  Source context information is unavailable.
  Loaded 1 assemblies for reflection and 54 dependency assemblies.
  Wrote information on 4 namespaces, 42 types, and 361 members
  Copying file from &quot;C:\Users\Mavidian\Source\Repos\DataConveyer\DataConveyer_doc\Help\Working\reflection.org&quot; to &quot;C:\Users\Mavidian\Source\Repos\DataConveyer\DataConveyer_doc\Help\Working\reflection.all&quot;.
  XslTransform (v2019.4.14.0)
  Copyright c 2006-2019, Microsoft Corporation, All Rights Reserved.
  Portions Copyright c 2006-2019, Eric Woodruff, All Rights Reserved.
  Applying XSL transformation &#39;C:\Program Files (x86)\EWSoftware\Sandcastle Help File Builder\ProductionTransforms\MergeDuplicates.xsl&#39;.
Done Building Project &quot;C:\Users\Mavidian\Source\Repos\DataConveyer\DataConveyer_doc\Help\Working\GenerateRefInfo.proj&quot; (default targets).
    Last step completed in 00:00:01.5120
</buildStep>
<buildStep step="TransformReflectionInfo">
Transforming reflection output...
[C:\Program Files (x86)\Microsoft Visual Studio\2019\Community\MSBuild\Current\Bin\MSBuild.exe - TransformManifest.proj]
Build started 6/2/2019 9:42:01 PM.
Project &quot;C:\Users\Mavidian\Source\Repos\DataConveyer\DataConveyer_doc\Help\Working\TransformManifest.proj&quot; on node 1 (default targets).
TransformManifest:
  XslTransform (v2019.4.14.0)
  Copyright c 2006-2019, Microsoft Corporation, All Rights Reserved.
  Portions Copyright c 2006-2019, Eric Woodruff, All Rights Reserved.
  Applying XSL transformation &#39;C:\Program Files (x86)\EWSoftware\Sandcastle Help File Builder\\ProductionTransforms\ApplyVSDocModel.xsl&#39;.
  Copying file from &quot;C:\Users\Mavidian\Source\Repos\DataConveyer\DataConveyer_doc\Help\Working\reflection.xml&quot; to &quot;C:\Users\Mavidian\Source\Repos\DataConveyer\DataConveyer_doc\Help\Working\reflection.nofilenames&quot;.
  XslTransform (v2019.4.14.0)
  Copyright c 2006-2019, Microsoft Corporation, All Rights Reserved.
  Portions Copyright c 2006-2019, Eric Woodruff, All Rights Reserved.
  Applying XSL transformation &#39;C:\Program Files (x86)\EWSoftware\Sandcastle Help File Builder\ProductionTransforms\AddFilenames.xsl&#39;.
  XslTransform (v2019.4.14.0)
  Copyright c 2006-2019, Microsoft Corporation, All Rights Reserved.
  Portions Copyright c 2006-2019, Eric Woodruff, All Rights Reserved.
  Applying XSL transformation &#39;C:\Program Files (x86)\EWSoftware\Sandcastle Help File Builder\ProductionTransforms\ReflectionToManifest.xsl&#39;.
Done Building Project &quot;C:\Users\Mavidian\Source\Repos\DataConveyer\DataConveyer_doc\Help\Working\TransformManifest.proj&quot; (default targets).
    Last step completed in 00:00:00.7304
</buildStep>
<buildStep step="GenerateNamespaceSummaries">
Generating namespace summary information...
    Last step completed in 00:00:00.0539
</buildStep>
<buildStep step="CopyConceptualContent">
Copying conceptual content...
Copying standard token shared content file...
Checking for other token files...
Checking for code snippets files...
Copying images and creating the media map file...
Generating conceptual topic files
    Parsing topic file &#39;C:\Users\Mavidian\Source\Repos\DataConveyer\DataConveyer_doc\Content\Welcome.aml&#39;
    C:\Users\Mavidian\Source\Repos\DataConveyer\DataConveyer_doc\Content\Welcome.aml -&gt; C:\Users\Mavidian\Source\Repos\DataConveyer\DataConveyer_doc\Help\Working\ddueXml\bc1db7e0-6011-496d-8f90-57281169e145.xml
    Parsing topic file &#39;C:\Users\Mavidian\Source\Repos\DataConveyer\DataConveyer_doc\Content\TermsOfUse.aml&#39;
    C:\Users\Mavidian\Source\Repos\DataConveyer\DataConveyer_doc\Content\TermsOfUse.aml -&gt; C:\Users\Mavidian\Source\Repos\DataConveyer\DataConveyer_doc\Help\Working\ddueXml\a8bd29e8-a28a-4d07-81e1-10abce50f50d.xml
    Parsing topic file &#39;C:\Users\Mavidian\Source\Repos\DataConveyer\DataConveyer_doc\Content\Primer\Primer.aml&#39;
    C:\Users\Mavidian\Source\Repos\DataConveyer\DataConveyer_doc\Content\Primer\Primer.aml -&gt; C:\Users\Mavidian\Source\Repos\DataConveyer\DataConveyer_doc\Help\Working\ddueXml\9bea5665-8eab-4b91-ae28-fe38d6c6398f.xml
    Parsing topic file &#39;C:\Users\Mavidian\Source\Repos\DataConveyer\DataConveyer_doc\Content\Primer\FirstAttempt.aml&#39;
    C:\Users\Mavidian\Source\Repos\DataConveyer\DataConveyer_doc\Content\Primer\FirstAttempt.aml -&gt; C:\Users\Mavidian\Source\Repos\DataConveyer\DataConveyer_doc\Help\Working\ddueXml\28fdbe7d-7304-4e76-bf0b-857dc7f7b922.xml
    Parsing topic file &#39;C:\Users\Mavidian\Source\Repos\DataConveyer\DataConveyer_doc\Content\Primer\SecondAttempt.aml&#39;
    C:\Users\Mavidian\Source\Repos\DataConveyer\DataConveyer_doc\Content\Primer\SecondAttempt.aml -&gt; C:\Users\Mavidian\Source\Repos\DataConveyer\DataConveyer_doc\Help\Working\ddueXml\809a712b-8183-465d-aa66-46de66cebfd4.xml
    Parsing topic file &#39;C:\Users\Mavidian\Source\Repos\DataConveyer\DataConveyer_doc\Content\Primer\ThirdAttempt.aml&#39;
    C:\Users\Mavidian\Source\Repos\DataConveyer\DataConveyer_doc\Content\Primer\ThirdAttempt.aml -&gt; C:\Users\Mavidian\Source\Repos\DataConveyer\DataConveyer_doc\Help\Working\ddueXml\fbd18535-990d-45d2-a211-4dcccdcef97d.xml
    Parsing topic file &#39;C:\Users\Mavidian\Source\Repos\DataConveyer\DataConveyer_doc\Content\Primer\FourthAttempt.aml&#39;
    C:\Users\Mavidian\Source\Repos\DataConveyer\DataConveyer_doc\Content\Primer\FourthAttempt.aml -&gt; C:\Users\Mavidian\Source\Repos\DataConveyer\DataConveyer_doc\Help\Working\ddueXml\2ac8b82f-c4d7-4075-99e6-7d9f8f7deb4a.xml
    Parsing topic file &#39;C:\Users\Mavidian\Source\Repos\DataConveyer\DataConveyer_doc\Content\Primer\FifthAttempt.aml&#39;
    C:\Users\Mavidian\Source\Repos\DataConveyer\DataConveyer_doc\Content\Primer\FifthAttempt.aml -&gt; C:\Users\Mavidian\Source\Repos\DataConveyer\DataConveyer_doc\Help\Working\ddueXml\44df6375-1f54-4440-9dac-2396a9e88527.xml
    Parsing topic file &#39;C:\Users\Mavidian\Source\Repos\DataConveyer\DataConveyer_doc\Content\Primer\SixthAttempt.aml&#39;
    C:\Users\Mavidian\Source\Repos\DataConveyer\DataConveyer_doc\Content\Primer\SixthAttempt.aml -&gt; C:\Users\Mavidian\Source\Repos\DataConveyer\DataConveyer_doc\Help\Working\ddueXml\e5c1f2ba-f246-4516-b852-42ced1d10620.xml
    Parsing topic file &#39;C:\Users\Mavidian\Source\Repos\DataConveyer\DataConveyer_doc\Content\Primer\Summary.aml&#39;
    C:\Users\Mavidian\Source\Repos\DataConveyer\DataConveyer_doc\Content\Primer\Summary.aml -&gt; C:\Users\Mavidian\Source\Repos\DataConveyer\DataConveyer_doc\Help\Working\ddueXml\4da71b1e-4fda-425b-acaa-c54f7d1106a3.xml
    Parsing topic file &#39;C:\Users\Mavidian\Source\Repos\DataConveyer\DataConveyer_doc\Content\APIReference.aml&#39;
    C:\Users\Mavidian\Source\Repos\DataConveyer\DataConveyer_doc\Content\APIReference.aml -&gt; C:\Users\Mavidian\Source\Repos\DataConveyer\DataConveyer_doc\Help\Working\ddueXml\a37f29a4-4918-4efe-b20f-f2526ae6b518.xml
    Parsing topic file &#39;C:\Users\Mavidian\Source\Repos\DataConveyer\DataConveyer_doc\Content\Glossary.aml&#39;
    C:\Users\Mavidian\Source\Repos\DataConveyer\DataConveyer_doc\Content\Glossary.aml -&gt; C:\Users\Mavidian\Source\Repos\DataConveyer\DataConveyer_doc\Help\Working\ddueXml\e2e232b9-111d-4e56-b79c-ad2815ea9495.xml
    Last step completed in 00:00:00.1017
</buildStep>
<buildStep step="CreateConceptualTopicConfigs">
Creating conceptual topic configuration files...
    Companion files
    _ContentMetadata_.xml
    Merging topic IDs into manifest.xml
    Last step completed in 00:00:00.0219
</buildStep>
<buildStep step="CopyAdditionalContent">
Copying additional content files...
C:\Users\Mavidian\Source\Repos\DataConveyer\DataConveyer_doc\icons\Mavidian.png -&gt; C:\Users\Mavidian\Source\Repos\DataConveyer\DataConveyer_doc\Help\Working\Output\HtmlHelp1\icons\Mavidian.png
C:\Users\Mavidian\Source\Repos\DataConveyer\DataConveyer_doc\icons\Mavidian.png -&gt; C:\Users\Mavidian\Source\Repos\DataConveyer\DataConveyer_doc\Help\Working\Output\Website\icons\Mavidian.png
    Last step completed in 00:00:00.0100
</buildStep>
<buildStep step="MergeTablesOfContents">
Merging conceptual and additional tables of contents...
    Last step completed in 00:00:00.0030
</buildStep>
<buildStep step="GenerateIntermediateTableOfContents">
Generating intermediate table of contents file...
[C:\Program Files (x86)\Microsoft Visual Studio\2019\Community\MSBuild\Current\Bin\MSBuild.exe - GenerateIntermediateTOC.proj]
Build started 6/2/2019 9:42:02 PM.
Project &quot;C:\Users\Mavidian\Source\Repos\DataConveyer\DataConveyer_doc\Help\Working\GenerateIntermediateTOC.proj&quot; on node 1 (default targets).
GenerateIntermediateTOC:
  XslTransform (v2019.4.14.0)
  Copyright c 2006-2019, Microsoft Corporation, All Rights Reserved.
  Portions Copyright c 2006-2019, Eric Woodruff, All Rights Reserved.
  Applying XSL transformation &#39;C:\Program Files (x86)\EWSoftware\Sandcastle Help File Builder\\ProductionTransforms\CreateVSToc.xsl&#39;.
Done Building Project &quot;C:\Users\Mavidian\Source\Repos\DataConveyer\DataConveyer_doc\Help\Working\GenerateIntermediateTOC.proj&quot; (default targets).
Generating conceptual content intermediate TOC file...
    Last step completed in 00:00:00.3051
</buildStep>
<buildStep step="CreateBuildAssemblerConfigs">
Creating Sandcastle configuration files...
    sandcastle.config
    Last step completed in 00:00:00.2675
</buildStep>
<buildStep step="MergeCustomConfigs">
Merging custom build component configurations
C:\Users\Mavidian\Source\Repos\DataConveyer\DataConveyer_doc\Help\Working\sandcastle.config
  Updating reference topic configurations.
    Added configuration for &#39;IntelliSense Component&#39; after &#39;Show Missing Documentation Component&#39; (instance 1)
    Replacing default configuration for &#39;Code Block Component&#39; with the custom configuration
  Updating conceptual topic configurations.
    Skipping component &#39;IntelliSense Component&#39;, not used in conceptual build
    Replacing default configuration for &#39;Code Block Component&#39; with the custom configuration
    Removing unused ExampleComponent.
    Last step completed in 00:00:00.0120
</buildStep>
<buildStep step="BuildTopics">
Building help topics...
[C:\Program Files (x86)\Microsoft Visual Studio\2019\Community\MSBuild\Current\Bin\MSBuild.exe - BuildTopics.proj]
Build started 6/2/2019 9:42:03 PM.
Project &quot;C:\Users\Mavidian\Source\Repos\DataConveyer\DataConveyer_doc\Help\Working\BuildTopics.proj&quot; on node 1 (default targets).
BuildTopics:
  BuildAssembler (v2019.4.14.0)
  Copyright c 2006-2019, Microsoft Corporation, All Rights Reserved.
  Portions Copyright c 2006-2019, Eric Woodruff, All Rights Reserved.
  Loading configuration...
  Processing topics...
  Processed 404 topic(s)
  CopyFromIndexComponent: &quot;metadata&quot; in-memory cache entries used: 1 of 15.
  ResolveArtLinksComponent: Copying media files...
  ResolveArtLinksComponent: Copying media files...
  CopyFromIndexComponent: &quot;reflection&quot; in-memory cache entries used: 5 of 15.
  CopyFromIndexComponent: &quot;comments&quot; in-memory cache entries used: 3 of 30.
Done Building Project &quot;C:\Users\Mavidian\Source\Repos\DataConveyer\DataConveyer_doc\Help\Working\BuildTopics.proj&quot; (default targets).
    Last step completed in 00:00:11.2254
</buildStep>
<buildStep step="CombiningIntermediateTocFiles">
Combining conceptual and API intermediate TOC files...
    Last step completed in 00:00:00.0040
</buildStep>
<buildStep step="ExtractingHtmlInfo">
Extracting HTML info for HTML Help 1 and/or website...
[C:\Program Files (x86)\Microsoft Visual Studio\2019\Community\MSBuild\Current\Bin\MSBuild.exe - ExtractHtmlInfo.proj]
Sandcastle Help File Builder and Tools, version 2019.4.14.0
Copyright c 2006-2019, Eric Woodruff, All Rights Reserved
E-Mail: Eric@EWoodruff.us

Using LCID &#39;1033&#39;, code page &#39;65001&#39;, encoding charset &#39;UTF-8&#39;.

Processing Help 1 files in C:\Users\Mavidian\Source\Repos\DataConveyer\DataConveyer_doc\Help\Working\Output\HtmlHelp1
Processed 404 HTML files
Sorting keywords and generating See Also indices
Saving HTML Help 1 keyword index to C:\Users\Mavidian\Source\Repos\DataConveyer\DataConveyer_doc\Help\Working\DataConveyer.hhk
Saving HTML Help 1 table of contents to C:\Users\Mavidian\Source\Repos\DataConveyer\DataConveyer_doc\Help\Working\DataConveyer.hhc

Processing website files in C:\Users\Mavidian\Source\Repos\DataConveyer\DataConveyer_doc\Help\Working\Output\Website
Processed 404 HTML files
Sorting keywords and generating See Also indices
Saving website keyword index to C:\Users\Mavidian\Source\Repos\DataConveyer\DataConveyer_doc\Help\Working\WebKI.xml
Saving website table of contents to C:\Users\Mavidian\Source\Repos\DataConveyer\DataConveyer_doc\Help\Working\WebTOC.xml
    Last step completed in 00:00:00.5864
</buildStep>
<buildStep step="CopyStandardHelpContent">
Copying standard help content...
C:\Program Files (x86)\EWSoftware\Sandcastle Help File Builder\PresentationStyles\VS2013\icons\AlertCaution.png -&gt; C:\Users\Mavidian\Source\Repos\DataConveyer\DataConveyer_doc\Help\Working\Output\HtmlHelp1\icons\AlertCaution.png
C:\Program Files (x86)\EWSoftware\Sandcastle Help File Builder\PresentationStyles\VS2013\icons\AlertNote.png -&gt; C:\Users\Mavidian\Source\Repos\DataConveyer\DataConveyer_doc\Help\Working\Output\HtmlHelp1\icons\AlertNote.png
C:\Program Files (x86)\EWSoftware\Sandcastle Help File Builder\PresentationStyles\VS2013\icons\AlertSecurity.png -&gt; C:\Users\Mavidian\Source\Repos\DataConveyer\DataConveyer_doc\Help\Working\Output\HtmlHelp1\icons\AlertSecurity.png
C:\Program Files (x86)\EWSoftware\Sandcastle Help File Builder\PresentationStyles\VS2013\icons\CFW.gif -&gt; C:\Users\Mavidian\Source\Repos\DataConveyer\DataConveyer_doc\Help\Working\Output\HtmlHelp1\icons\CFW.gif
C:\Program Files (x86)\EWSoftware\Sandcastle Help File Builder\PresentationStyles\VS2013\icons\CodeExample.png -&gt; C:\Users\Mavidian\Source\Repos\DataConveyer\DataConveyer_doc\Help\Working\Output\HtmlHelp1\icons\CodeExample.png
C:\Program Files (x86)\EWSoftware\Sandcastle Help File Builder\PresentationStyles\VS2013\icons\favicon.ico -&gt; C:\Users\Mavidian\Source\Repos\DataConveyer\DataConveyer_doc\Help\Working\Output\HtmlHelp1\icons\favicon.ico
C:\Program Files (x86)\EWSoftware\Sandcastle Help File Builder\PresentationStyles\VS2013\icons\privclass.gif -&gt; C:\Users\Mavidian\Source\Repos\DataConveyer\DataConveyer_doc\Help\Working\Output\HtmlHelp1\icons\privclass.gif
C:\Program Files (x86)\EWSoftware\Sandcastle Help File Builder\PresentationStyles\VS2013\icons\privdelegate.gif -&gt; C:\Users\Mavidian\Source\Repos\DataConveyer\DataConveyer_doc\Help\Working\Output\HtmlHelp1\icons\privdelegate.gif
C:\Program Files (x86)\EWSoftware\Sandcastle Help File Builder\PresentationStyles\VS2013\icons\privenumeration.gif -&gt; C:\Users\Mavidian\Source\Repos\DataConveyer\DataConveyer_doc\Help\Working\Output\HtmlHelp1\icons\privenumeration.gif
C:\Program Files (x86)\EWSoftware\Sandcastle Help File Builder\PresentationStyles\VS2013\icons\privevent.gif -&gt; C:\Users\Mavidian\Source\Repos\DataConveyer\DataConveyer_doc\Help\Working\Output\HtmlHelp1\icons\privevent.gif
C:\Program Files (x86)\EWSoftware\Sandcastle Help File Builder\PresentationStyles\VS2013\icons\privextension.gif -&gt; C:\Users\Mavidian\Source\Repos\DataConveyer\DataConveyer_doc\Help\Working\Output\HtmlHelp1\icons\privextension.gif
C:\Program Files (x86)\EWSoftware\Sandcastle Help File Builder\PresentationStyles\VS2013\icons\privfield.gif -&gt; C:\Users\Mavidian\Source\Repos\DataConveyer\DataConveyer_doc\Help\Working\Output\HtmlHelp1\icons\privfield.gif
C:\Program Files (x86)\EWSoftware\Sandcastle Help File Builder\PresentationStyles\VS2013\icons\privinterface.gif -&gt; C:\Users\Mavidian\Source\Repos\DataConveyer\DataConveyer_doc\Help\Working\Output\HtmlHelp1\icons\privinterface.gif
C:\Program Files (x86)\EWSoftware\Sandcastle Help File Builder\PresentationStyles\VS2013\icons\privmethod.gif -&gt; C:\Users\Mavidian\Source\Repos\DataConveyer\DataConveyer_doc\Help\Working\Output\HtmlHelp1\icons\privmethod.gif
C:\Program Files (x86)\EWSoftware\Sandcastle Help File Builder\PresentationStyles\VS2013\icons\privproperty.gif -&gt; C:\Users\Mavidian\Source\Repos\DataConveyer\DataConveyer_doc\Help\Working\Output\HtmlHelp1\icons\privproperty.gif
C:\Program Files (x86)\EWSoftware\Sandcastle Help File Builder\PresentationStyles\VS2013\icons\privstructure.gif -&gt; C:\Users\Mavidian\Source\Repos\DataConveyer\DataConveyer_doc\Help\Working\Output\HtmlHelp1\icons\privstructure.gif
C:\Program Files (x86)\EWSoftware\Sandcastle Help File Builder\PresentationStyles\VS2013\icons\protclass.gif -&gt; C:\Users\Mavidian\Source\Repos\DataConveyer\DataConveyer_doc\Help\Working\Output\HtmlHelp1\icons\protclass.gif
C:\Program Files (x86)\EWSoftware\Sandcastle Help File Builder\PresentationStyles\VS2013\icons\protdelegate.gif -&gt; C:\Users\Mavidian\Source\Repos\DataConveyer\DataConveyer_doc\Help\Working\Output\HtmlHelp1\icons\protdelegate.gif
C:\Program Files (x86)\EWSoftware\Sandcastle Help File Builder\PresentationStyles\VS2013\icons\protenumeration.gif -&gt; C:\Users\Mavidian\Source\Repos\DataConveyer\DataConveyer_doc\Help\Working\Output\HtmlHelp1\icons\protenumeration.gif
C:\Program Files (x86)\EWSoftware\Sandcastle Help File Builder\PresentationStyles\VS2013\icons\protevent.gif -&gt; C:\Users\Mavidian\Source\Repos\DataConveyer\DataConveyer_doc\Help\Working\Output\HtmlHelp1\icons\protevent.gif
C:\Program Files (x86)\EWSoftware\Sandcastle Help File Builder\PresentationStyles\VS2013\icons\protextension.gif -&gt; C:\Users\Mavidian\Source\Repos\DataConveyer\DataConveyer_doc\Help\Working\Output\HtmlHelp1\icons\protextension.gif
C:\Program Files (x86)\EWSoftware\Sandcastle Help File Builder\PresentationStyles\VS2013\icons\protfield.gif -&gt; C:\Users\Mavidian\Source\Repos\DataConveyer\DataConveyer_doc\Help\Working\Output\HtmlHelp1\icons\protfield.gif
C:\Program Files (x86)\EWSoftware\Sandcastle Help File Builder\PresentationStyles\VS2013\icons\protinterface.gif -&gt; C:\Users\Mavidian\Source\Repos\DataConveyer\DataConveyer_doc\Help\Working\Output\HtmlHelp1\icons\protinterface.gif
C:\Program Files (x86)\EWSoftware\Sandcastle Help File Builder\PresentationStyles\VS2013\icons\protmethod.gif -&gt; C:\Users\Mavidian\Source\Repos\DataConveyer\DataConveyer_doc\Help\Working\Output\HtmlHelp1\icons\protmethod.gif
C:\Program Files (x86)\EWSoftware\Sandcastle Help File Builder\PresentationStyles\VS2013\icons\protoperator.gif -&gt; C:\Users\Mavidian\Source\Repos\DataConveyer\DataConveyer_doc\Help\Working\Output\HtmlHelp1\icons\protoperator.gif
C:\Program Files (x86)\EWSoftware\Sandcastle Help File Builder\PresentationStyles\VS2013\icons\protproperty.gif -&gt; C:\Users\Mavidian\Source\Repos\DataConveyer\DataConveyer_doc\Help\Working\Output\HtmlHelp1\icons\protproperty.gif
C:\Program Files (x86)\EWSoftware\Sandcastle Help File Builder\PresentationStyles\VS2013\icons\protstructure.gif -&gt; C:\Users\Mavidian\Source\Repos\DataConveyer\DataConveyer_doc\Help\Working\Output\HtmlHelp1\icons\protstructure.gif
C:\Program Files (x86)\EWSoftware\Sandcastle Help File Builder\PresentationStyles\VS2013\icons\pubclass.gif -&gt; C:\Users\Mavidian\Source\Repos\DataConveyer\DataConveyer_doc\Help\Working\Output\HtmlHelp1\icons\pubclass.gif
C:\Program Files (x86)\EWSoftware\Sandcastle Help File Builder\PresentationStyles\VS2013\icons\pubdelegate.gif -&gt; C:\Users\Mavidian\Source\Repos\DataConveyer\DataConveyer_doc\Help\Working\Output\HtmlHelp1\icons\pubdelegate.gif
C:\Program Files (x86)\EWSoftware\Sandcastle Help File Builder\PresentationStyles\VS2013\icons\pubenumeration.gif -&gt; C:\Users\Mavidian\Source\Repos\DataConveyer\DataConveyer_doc\Help\Working\Output\HtmlHelp1\icons\pubenumeration.gif
C:\Program Files (x86)\EWSoftware\Sandcastle Help File Builder\PresentationStyles\VS2013\icons\pubevent.gif -&gt; C:\Users\Mavidian\Source\Repos\DataConveyer\DataConveyer_doc\Help\Working\Output\HtmlHelp1\icons\pubevent.gif
C:\Program Files (x86)\EWSoftware\Sandcastle Help File Builder\PresentationStyles\VS2013\icons\pubextension.gif -&gt; C:\Users\Mavidian\Source\Repos\DataConveyer\DataConveyer_doc\Help\Working\Output\HtmlHelp1\icons\pubextension.gif
C:\Program Files (x86)\EWSoftware\Sandcastle Help File Builder\PresentationStyles\VS2013\icons\pubfield.gif -&gt; C:\Users\Mavidian\Source\Repos\DataConveyer\DataConveyer_doc\Help\Working\Output\HtmlHelp1\icons\pubfield.gif
C:\Program Files (x86)\EWSoftware\Sandcastle Help File Builder\PresentationStyles\VS2013\icons\pubinterface.gif -&gt; C:\Users\Mavidian\Source\Repos\DataConveyer\DataConveyer_doc\Help\Working\Output\HtmlHelp1\icons\pubinterface.gif
C:\Program Files (x86)\EWSoftware\Sandcastle Help File Builder\PresentationStyles\VS2013\icons\pubmethod.gif -&gt; C:\Users\Mavidian\Source\Repos\DataConveyer\DataConveyer_doc\Help\Working\Output\HtmlHelp1\icons\pubmethod.gif
C:\Program Files (x86)\EWSoftware\Sandcastle Help File Builder\PresentationStyles\VS2013\icons\puboperator.gif -&gt; C:\Users\Mavidian\Source\Repos\DataConveyer\DataConveyer_doc\Help\Working\Output\HtmlHelp1\icons\puboperator.gif
C:\Program Files (x86)\EWSoftware\Sandcastle Help File Builder\PresentationStyles\VS2013\icons\pubproperty.gif -&gt; C:\Users\Mavidian\Source\Repos\DataConveyer\DataConveyer_doc\Help\Working\Output\HtmlHelp1\icons\pubproperty.gif
C:\Program Files (x86)\EWSoftware\Sandcastle Help File Builder\PresentationStyles\VS2013\icons\pubstructure.gif -&gt; C:\Users\Mavidian\Source\Repos\DataConveyer\DataConveyer_doc\Help\Working\Output\HtmlHelp1\icons\pubstructure.gif
C:\Program Files (x86)\EWSoftware\Sandcastle Help File Builder\PresentationStyles\VS2013\icons\SectionCollapsed.png -&gt; C:\Users\Mavidian\Source\Repos\DataConveyer\DataConveyer_doc\Help\Working\Output\HtmlHelp1\icons\SectionCollapsed.png
C:\Program Files (x86)\EWSoftware\Sandcastle Help File Builder\PresentationStyles\VS2013\icons\SectionExpanded.png -&gt; C:\Users\Mavidian\Source\Repos\DataConveyer\DataConveyer_doc\Help\Working\Output\HtmlHelp1\icons\SectionExpanded.png
C:\Program Files (x86)\EWSoftware\Sandcastle Help File Builder\PresentationStyles\VS2013\icons\slMobile.gif -&gt; C:\Users\Mavidian\Source\Repos\DataConveyer\DataConveyer_doc\Help\Working\Output\HtmlHelp1\icons\slMobile.gif
C:\Program Files (x86)\EWSoftware\Sandcastle Help File Builder\PresentationStyles\VS2013\icons\static.gif -&gt; C:\Users\Mavidian\Source\Repos\DataConveyer\DataConveyer_doc\Help\Working\Output\HtmlHelp1\icons\static.gif
C:\Program Files (x86)\EWSoftware\Sandcastle Help File Builder\PresentationStyles\VS2013\icons\xna.gif -&gt; C:\Users\Mavidian\Source\Repos\DataConveyer\DataConveyer_doc\Help\Working\Output\HtmlHelp1\icons\xna.gif
C:\Program Files (x86)\EWSoftware\Sandcastle Help File Builder\PresentationStyles\VS2013\scripts\branding.js -&gt; C:\Users\Mavidian\Source\Repos\DataConveyer\DataConveyer_doc\Help\Working\Output\HtmlHelp1\scripts\branding.js
C:\Program Files (x86)\EWSoftware\Sandcastle Help File Builder\PresentationStyles\VS2013\styles\branding-cs-CZ.css -&gt; C:\Users\Mavidian\Source\Repos\DataConveyer\DataConveyer_doc\Help\Working\Output\HtmlHelp1\styles\branding-cs-CZ.css
C:\Program Files (x86)\EWSoftware\Sandcastle Help File Builder\PresentationStyles\VS2013\styles\branding-de-DE.css -&gt; C:\Users\Mavidian\Source\Repos\DataConveyer\DataConveyer_doc\Help\Working\Output\HtmlHelp1\styles\branding-de-DE.css
C:\Program Files (x86)\EWSoftware\Sandcastle Help File Builder\PresentationStyles\VS2013\styles\branding-en-US.css -&gt; C:\Users\Mavidian\Source\Repos\DataConveyer\DataConveyer_doc\Help\Working\Output\HtmlHelp1\styles\branding-en-US.css
C:\Program Files (x86)\EWSoftware\Sandcastle Help File Builder\PresentationStyles\VS2013\styles\branding-es-ES.css -&gt; C:\Users\Mavidian\Source\Repos\DataConveyer\DataConveyer_doc\Help\Working\Output\HtmlHelp1\styles\branding-es-ES.css
C:\Program Files (x86)\EWSoftware\Sandcastle Help File Builder\PresentationStyles\VS2013\styles\branding-fr-FR.css -&gt; C:\Users\Mavidian\Source\Repos\DataConveyer\DataConveyer_doc\Help\Working\Output\HtmlHelp1\styles\branding-fr-FR.css
C:\Program Files (x86)\EWSoftware\Sandcastle Help File Builder\PresentationStyles\VS2013\styles\branding-Help1.css -&gt; C:\Users\Mavidian\Source\Repos\DataConveyer\DataConveyer_doc\Help\Working\Output\HtmlHelp1\styles\branding-Help1.css
C:\Program Files (x86)\EWSoftware\Sandcastle Help File Builder\PresentationStyles\VS2013\styles\branding-HelpViewer.css -&gt; C:\Users\Mavidian\Source\Repos\DataConveyer\DataConveyer_doc\Help\Working\Output\HtmlHelp1\styles\branding-HelpViewer.css
C:\Program Files (x86)\EWSoftware\Sandcastle Help File Builder\PresentationStyles\VS2013\styles\branding-it-IT.css -&gt; C:\Users\Mavidian\Source\Repos\DataConveyer\DataConveyer_doc\Help\Working\Output\HtmlHelp1\styles\branding-it-IT.css
C:\Program Files (x86)\EWSoftware\Sandcastle Help File Builder\PresentationStyles\VS2013\styles\branding-ja-JP.css -&gt; C:\Users\Mavidian\Source\Repos\DataConveyer\DataConveyer_doc\Help\Working\Output\HtmlHelp1\styles\branding-ja-JP.css
C:\Program Files (x86)\EWSoftware\Sandcastle Help File Builder\PresentationStyles\VS2013\styles\branding-ko-KR.css -&gt; C:\Users\Mavidian\Source\Repos\DataConveyer\DataConveyer_doc\Help\Working\Output\HtmlHelp1\styles\branding-ko-KR.css
C:\Program Files (x86)\EWSoftware\Sandcastle Help File Builder\PresentationStyles\VS2013\styles\branding-pl-PL.css -&gt; C:\Users\Mavidian\Source\Repos\DataConveyer\DataConveyer_doc\Help\Working\Output\HtmlHelp1\styles\branding-pl-PL.css
C:\Program Files (x86)\EWSoftware\Sandcastle Help File Builder\PresentationStyles\VS2013\styles\branding-pt-BR.css -&gt; C:\Users\Mavidian\Source\Repos\DataConveyer\DataConveyer_doc\Help\Working\Output\HtmlHelp1\styles\branding-pt-BR.css
C:\Program Files (x86)\EWSoftware\Sandcastle Help File Builder\PresentationStyles\VS2013\styles\branding-ru-RU.css -&gt; C:\Users\Mavidian\Source\Repos\DataConveyer\DataConveyer_doc\Help\Working\Output\HtmlHelp1\styles\branding-ru-RU.css
C:\Program Files (x86)\EWSoftware\Sandcastle Help File Builder\PresentationStyles\VS2013\styles\branding-tr-TR.css -&gt; C:\Users\Mavidian\Source\Repos\DataConveyer\DataConveyer_doc\Help\Working\Output\HtmlHelp1\styles\branding-tr-TR.css
C:\Program Files (x86)\EWSoftware\Sandcastle Help File Builder\PresentationStyles\VS2013\styles\branding-Website.css -&gt; C:\Users\Mavidian\Source\Repos\DataConveyer\DataConveyer_doc\Help\Working\Output\HtmlHelp1\styles\branding-Website.css
C:\Program Files (x86)\EWSoftware\Sandcastle Help File Builder\PresentationStyles\VS2013\styles\branding-zh-CN.css -&gt; C:\Users\Mavidian\Source\Repos\DataConveyer\DataConveyer_doc\Help\Working\Output\HtmlHelp1\styles\branding-zh-CN.css
C:\Program Files (x86)\EWSoftware\Sandcastle Help File Builder\PresentationStyles\VS2013\styles\branding-zh-TW.css -&gt; C:\Users\Mavidian\Source\Repos\DataConveyer\DataConveyer_doc\Help\Working\Output\HtmlHelp1\styles\branding-zh-TW.css
C:\Program Files (x86)\EWSoftware\Sandcastle Help File Builder\PresentationStyles\VS2013\styles\branding.css -&gt; C:\Users\Mavidian\Source\Repos\DataConveyer\DataConveyer_doc\Help\Working\Output\HtmlHelp1\styles\branding.css
C:\Program Files (x86)\EWSoftware\Sandcastle Help File Builder\PresentationStyles\VS2013\icons\AlertCaution.png -&gt; C:\Users\Mavidian\Source\Repos\DataConveyer\DataConveyer_doc\Help\Working\Output\Website\icons\AlertCaution.png
C:\Program Files (x86)\EWSoftware\Sandcastle Help File Builder\PresentationStyles\VS2013\icons\AlertNote.png -&gt; C:\Users\Mavidian\Source\Repos\DataConveyer\DataConveyer_doc\Help\Working\Output\Website\icons\AlertNote.png
C:\Program Files (x86)\EWSoftware\Sandcastle Help File Builder\PresentationStyles\VS2013\icons\AlertSecurity.png -&gt; C:\Users\Mavidian\Source\Repos\DataConveyer\DataConveyer_doc\Help\Working\Output\Website\icons\AlertSecurity.png
C:\Program Files (x86)\EWSoftware\Sandcastle Help File Builder\PresentationStyles\VS2013\icons\CFW.gif -&gt; C:\Users\Mavidian\Source\Repos\DataConveyer\DataConveyer_doc\Help\Working\Output\Website\icons\CFW.gif
C:\Program Files (x86)\EWSoftware\Sandcastle Help File Builder\PresentationStyles\VS2013\icons\CodeExample.png -&gt; C:\Users\Mavidian\Source\Repos\DataConveyer\DataConveyer_doc\Help\Working\Output\Website\icons\CodeExample.png
C:\Program Files (x86)\EWSoftware\Sandcastle Help File Builder\PresentationStyles\VS2013\icons\favicon.ico -&gt; C:\Users\Mavidian\Source\Repos\DataConveyer\DataConveyer_doc\Help\Working\Output\Website\icons\favicon.ico
C:\Program Files (x86)\EWSoftware\Sandcastle Help File Builder\PresentationStyles\VS2013\icons\privclass.gif -&gt; C:\Users\Mavidian\Source\Repos\DataConveyer\DataConveyer_doc\Help\Working\Output\Website\icons\privclass.gif
C:\Program Files (x86)\EWSoftware\Sandcastle Help File Builder\PresentationStyles\VS2013\icons\privdelegate.gif -&gt; C:\Users\Mavidian\Source\Repos\DataConveyer\DataConveyer_doc\Help\Working\Output\Website\icons\privdelegate.gif
C:\Program Files (x86)\EWSoftware\Sandcastle Help File Builder\PresentationStyles\VS2013\icons\privenumeration.gif -&gt; C:\Users\Mavidian\Source\Repos\DataConveyer\DataConveyer_doc\Help\Working\Output\Website\icons\privenumeration.gif
C:\Program Files (x86)\EWSoftware\Sandcastle Help File Builder\PresentationStyles\VS2013\icons\privevent.gif -&gt; C:\Users\Mavidian\Source\Repos\DataConveyer\DataConveyer_doc\Help\Working\Output\Website\icons\privevent.gif
C:\Program Files (x86)\EWSoftware\Sandcastle Help File Builder\PresentationStyles\VS2013\icons\privextension.gif -&gt; C:\Users\Mavidian\Source\Repos\DataConveyer\DataConveyer_doc\Help\Working\Output\Website\icons\privextension.gif
C:\Program Files (x86)\EWSoftware\Sandcastle Help File Builder\PresentationStyles\VS2013\icons\privfield.gif -&gt; C:\Users\Mavidian\Source\Repos\DataConveyer\DataConveyer_doc\Help\Working\Output\Website\icons\privfield.gif
C:\Program Files (x86)\EWSoftware\Sandcastle Help File Builder\PresentationStyles\VS2013\icons\privinterface.gif -&gt; C:\Users\Mavidian\Source\Repos\DataConveyer\DataConveyer_doc\Help\Working\Output\Website\icons\privinterface.gif
C:\Program Files (x86)\EWSoftware\Sandcastle Help File Builder\PresentationStyles\VS2013\icons\privmethod.gif -&gt; C:\Users\Mavidian\Source\Repos\DataConveyer\DataConveyer_doc\Help\Working\Output\Website\icons\privmethod.gif
C:\Program Files (x86)\EWSoftware\Sandcastle Help File Builder\PresentationStyles\VS2013\icons\privproperty.gif -&gt; C:\Users\Mavidian\Source\Repos\DataConveyer\DataConveyer_doc\Help\Working\Output\Website\icons\privproperty.gif
C:\Program Files (x86)\EWSoftware\Sandcastle Help File Builder\PresentationStyles\VS2013\icons\privstructure.gif -&gt; C:\Users\Mavidian\Source\Repos\DataConveyer\DataConveyer_doc\Help\Working\Output\Website\icons\privstructure.gif
C:\Program Files (x86)\EWSoftware\Sandcastle Help File Builder\PresentationStyles\VS2013\icons\protclass.gif -&gt; C:\Users\Mavidian\Source\Repos\DataConveyer\DataConveyer_doc\Help\Working\Output\Website\icons\protclass.gif
C:\Program Files (x86)\EWSoftware\Sandcastle Help File Builder\PresentationStyles\VS2013\icons\protdelegate.gif -&gt; C:\Users\Mavidian\Source\Repos\DataConveyer\DataConveyer_doc\Help\Working\Output\Website\icons\protdelegate.gif
C:\Program Files (x86)\EWSoftware\Sandcastle Help File Builder\PresentationStyles\VS2013\icons\protenumeration.gif -&gt; C:\Users\Mavidian\Source\Repos\DataConveyer\DataConveyer_doc\Help\Working\Output\Website\icons\protenumeration.gif
C:\Program Files (x86)\EWSoftware\Sandcastle Help File Builder\PresentationStyles\VS2013\icons\protevent.gif -&gt; C:\Users\Mavidian\Source\Repos\DataConveyer\DataConveyer_doc\Help\Working\Output\Website\icons\protevent.gif
C:\Program Files (x86)\EWSoftware\Sandcastle Help File Builder\PresentationStyles\VS2013\icons\protextension.gif -&gt; C:\Users\Mavidian\Source\Repos\DataConveyer\DataConveyer_doc\Help\Working\Output\Website\icons\protextension.gif
C:\Program Files (x86)\EWSoftware\Sandcastle Help File Builder\PresentationStyles\VS2013\icons\protfield.gif -&gt; C:\Users\Mavidian\Source\Repos\DataConveyer\DataConveyer_doc\Help\Working\Output\Website\icons\protfield.gif
C:\Program Files (x86)\EWSoftware\Sandcastle Help File Builder\PresentationStyles\VS2013\icons\protinterface.gif -&gt; C:\Users\Mavidian\Source\Repos\DataConveyer\DataConveyer_doc\Help\Working\Output\Website\icons\protinterface.gif
C:\Program Files (x86)\EWSoftware\Sandcastle Help File Builder\PresentationStyles\VS2013\icons\protmethod.gif -&gt; C:\Users\Mavidian\Source\Repos\DataConveyer\DataConveyer_doc\Help\Working\Output\Website\icons\protmethod.gif
C:\Program Files (x86)\EWSoftware\Sandcastle Help File Builder\PresentationStyles\VS2013\icons\protoperator.gif -&gt; C:\Users\Mavidian\Source\Repos\DataConveyer\DataConveyer_doc\Help\Working\Output\Website\icons\protoperator.gif
C:\Program Files (x86)\EWSoftware\Sandcastle Help File Builder\PresentationStyles\VS2013\icons\protproperty.gif -&gt; C:\Users\Mavidian\Source\Repos\DataConveyer\DataConveyer_doc\Help\Working\Output\Website\icons\protproperty.gif
C:\Program Files (x86)\EWSoftware\Sandcastle Help File Builder\PresentationStyles\VS2013\icons\protstructure.gif -&gt; C:\Users\Mavidian\Source\Repos\DataConveyer\DataConveyer_doc\Help\Working\Output\Website\icons\protstructure.gif
C:\Program Files (x86)\EWSoftware\Sandcastle Help File Builder\PresentationStyles\VS2013\icons\pubclass.gif -&gt; C:\Users\Mavidian\Source\Repos\DataConveyer\DataConveyer_doc\Help\Working\Output\Website\icons\pubclass.gif
C:\Program Files (x86)\EWSoftware\Sandcastle Help File Builder\PresentationStyles\VS2013\icons\pubdelegate.gif -&gt; C:\Users\Mavidian\Source\Repos\DataConveyer\DataConveyer_doc\Help\Working\Output\Website\icons\pubdelegate.gif
C:\Program Files (x86)\EWSoftware\Sandcastle Help File Builder\PresentationStyles\VS2013\icons\pubenumeration.gif -&gt; C:\Users\Mavidian\Source\Repos\DataConveyer\DataConveyer_doc\Help\Working\Output\Website\icons\pubenumeration.gif
C:\Program Files (x86)\EWSoftware\Sandcastle Help File Builder\PresentationStyles\VS2013\icons\pubevent.gif -&gt; C:\Users\Mavidian\Source\Repos\DataConveyer\DataConveyer_doc\Help\Working\Output\Website\icons\pubevent.gif
C:\Program Files (x86)\EWSoftware\Sandcastle Help File Builder\PresentationStyles\VS2013\icons\pubextension.gif -&gt; C:\Users\Mavidian\Source\Repos\DataConveyer\DataConveyer_doc\Help\Working\Output\Website\icons\pubextension.gif
C:\Program Files (x86)\EWSoftware\Sandcastle Help File Builder\PresentationStyles\VS2013\icons\pubfield.gif -&gt; C:\Users\Mavidian\Source\Repos\DataConveyer\DataConveyer_doc\Help\Working\Output\Website\icons\pubfield.gif
C:\Program Files (x86)\EWSoftware\Sandcastle Help File Builder\PresentationStyles\VS2013\icons\pubinterface.gif -&gt; C:\Users\Mavidian\Source\Repos\DataConveyer\DataConveyer_doc\Help\Working\Output\Website\icons\pubinterface.gif
C:\Program Files (x86)\EWSoftware\Sandcastle Help File Builder\PresentationStyles\VS2013\icons\pubmethod.gif -&gt; C:\Users\Mavidian\Source\Repos\DataConveyer\DataConveyer_doc\Help\Working\Output\Website\icons\pubmethod.gif
C:\Program Files (x86)\EWSoftware\Sandcastle Help File Builder\PresentationStyles\VS2013\icons\puboperator.gif -&gt; C:\Users\Mavidian\Source\Repos\DataConveyer\DataConveyer_doc\Help\Working\Output\Website\icons\puboperator.gif
C:\Program Files (x86)\EWSoftware\Sandcastle Help File Builder\PresentationStyles\VS2013\icons\pubproperty.gif -&gt; C:\Users\Mavidian\Source\Repos\DataConveyer\DataConveyer_doc\Help\Working\Output\Website\icons\pubproperty.gif
C:\Program Files (x86)\EWSoftware\Sandcastle Help File Builder\PresentationStyles\VS2013\icons\pubstructure.gif -&gt; C:\Users\Mavidian\Source\Repos\DataConveyer\DataConveyer_doc\Help\Working\Output\Website\icons\pubstructure.gif
C:\Program Files (x86)\EWSoftware\Sandcastle Help File Builder\PresentationStyles\VS2013\icons\SectionCollapsed.png -&gt; C:\Users\Mavidian\Source\Repos\DataConveyer\DataConveyer_doc\Help\Working\Output\Website\icons\SectionCollapsed.png
C:\Program Files (x86)\EWSoftware\Sandcastle Help File Builder\PresentationStyles\VS2013\icons\SectionExpanded.png -&gt; C:\Users\Mavidian\Source\Repos\DataConveyer\DataConveyer_doc\Help\Working\Output\Website\icons\SectionExpanded.png
C:\Program Files (x86)\EWSoftware\Sandcastle Help File Builder\PresentationStyles\VS2013\icons\slMobile.gif -&gt; C:\Users\Mavidian\Source\Repos\DataConveyer\DataConveyer_doc\Help\Working\Output\Website\icons\slMobile.gif
C:\Program Files (x86)\EWSoftware\Sandcastle Help File Builder\PresentationStyles\VS2013\icons\static.gif -&gt; C:\Users\Mavidian\Source\Repos\DataConveyer\DataConveyer_doc\Help\Working\Output\Website\icons\static.gif
C:\Program Files (x86)\EWSoftware\Sandcastle Help File Builder\PresentationStyles\VS2013\icons\xna.gif -&gt; C:\Users\Mavidian\Source\Repos\DataConveyer\DataConveyer_doc\Help\Working\Output\Website\icons\xna.gif
C:\Program Files (x86)\EWSoftware\Sandcastle Help File Builder\PresentationStyles\VS2013\scripts\branding.js -&gt; C:\Users\Mavidian\Source\Repos\DataConveyer\DataConveyer_doc\Help\Working\Output\Website\scripts\branding.js
C:\Program Files (x86)\EWSoftware\Sandcastle Help File Builder\PresentationStyles\VS2013\styles\branding-cs-CZ.css -&gt; C:\Users\Mavidian\Source\Repos\DataConveyer\DataConveyer_doc\Help\Working\Output\Website\styles\branding-cs-CZ.css
C:\Program Files (x86)\EWSoftware\Sandcastle Help File Builder\PresentationStyles\VS2013\styles\branding-de-DE.css -&gt; C:\Users\Mavidian\Source\Repos\DataConveyer\DataConveyer_doc\Help\Working\Output\Website\styles\branding-de-DE.css
C:\Program Files (x86)\EWSoftware\Sandcastle Help File Builder\PresentationStyles\VS2013\styles\branding-en-US.css -&gt; C:\Users\Mavidian\Source\Repos\DataConveyer\DataConveyer_doc\Help\Working\Output\Website\styles\branding-en-US.css
C:\Program Files (x86)\EWSoftware\Sandcastle Help File Builder\PresentationStyles\VS2013\styles\branding-es-ES.css -&gt; C:\Users\Mavidian\Source\Repos\DataConveyer\DataConveyer_doc\Help\Working\Output\Website\styles\branding-es-ES.css
C:\Program Files (x86)\EWSoftware\Sandcastle Help File Builder\PresentationStyles\VS2013\styles\branding-fr-FR.css -&gt; C:\Users\Mavidian\Source\Repos\DataConveyer\DataConveyer_doc\Help\Working\Output\Website\styles\branding-fr-FR.css
C:\Program Files (x86)\EWSoftware\Sandcastle Help File Builder\PresentationStyles\VS2013\styles\branding-Help1.css -&gt; C:\Users\Mavidian\Source\Repos\DataConveyer\DataConveyer_doc\Help\Working\Output\Website\styles\branding-Help1.css
C:\Program Files (x86)\EWSoftware\Sandcastle Help File Builder\PresentationStyles\VS2013\styles\branding-HelpViewer.css -&gt; C:\Users\Mavidian\Source\Repos\DataConveyer\DataConveyer_doc\Help\Working\Output\Website\styles\branding-HelpViewer.css
C:\Program Files (x86)\EWSoftware\Sandcastle Help File Builder\PresentationStyles\VS2013\styles\branding-it-IT.css -&gt; C:\Users\Mavidian\Source\Repos\DataConveyer\DataConveyer_doc\Help\Working\Output\Website\styles\branding-it-IT.css
C:\Program Files (x86)\EWSoftware\Sandcastle Help File Builder\PresentationStyles\VS2013\styles\branding-ja-JP.css -&gt; C:\Users\Mavidian\Source\Repos\DataConveyer\DataConveyer_doc\Help\Working\Output\Website\styles\branding-ja-JP.css
C:\Program Files (x86)\EWSoftware\Sandcastle Help File Builder\PresentationStyles\VS2013\styles\branding-ko-KR.css -&gt; C:\Users\Mavidian\Source\Repos\DataConveyer\DataConveyer_doc\Help\Working\Output\Website\styles\branding-ko-KR.css
C:\Program Files (x86)\EWSoftware\Sandcastle Help File Builder\PresentationStyles\VS2013\styles\branding-pl-PL.css -&gt; C:\Users\Mavidian\Source\Repos\DataConveyer\DataConveyer_doc\Help\Working\Output\Website\styles\branding-pl-PL.css
C:\Program Files (x86)\EWSoftware\Sandcastle Help File Builder\PresentationStyles\VS2013\styles\branding-pt-BR.css -&gt; C:\Users\Mavidian\Source\Repos\DataConveyer\DataConveyer_doc\Help\Working\Output\Website\styles\branding-pt-BR.css
C:\Program Files (x86)\EWSoftware\Sandcastle Help File Builder\PresentationStyles\VS2013\styles\branding-ru-RU.css -&gt; C:\Users\Mavidian\Source\Repos\DataConveyer\DataConveyer_doc\Help\Working\Output\Website\styles\branding-ru-RU.css
C:\Program Files (x86)\EWSoftware\Sandcastle Help File Builder\PresentationStyles\VS2013\styles\branding-tr-TR.css -&gt; C:\Users\Mavidian\Source\Repos\DataConveyer\DataConveyer_doc\Help\Working\Output\Website\styles\branding-tr-TR.css
C:\Program Files (x86)\EWSoftware\Sandcastle Help File Builder\PresentationStyles\VS2013\styles\branding-Website.css -&gt; C:\Users\Mavidian\Source\Repos\DataConveyer\DataConveyer_doc\Help\Working\Output\Website\styles\branding-Website.css
C:\Program Files (x86)\EWSoftware\Sandcastle Help File Builder\PresentationStyles\VS2013\styles\branding-zh-CN.css -&gt; C:\Users\Mavidian\Source\Repos\DataConveyer\DataConveyer_doc\Help\Working\Output\Website\styles\branding-zh-CN.css
C:\Program Files (x86)\EWSoftware\Sandcastle Help File Builder\PresentationStyles\VS2013\styles\branding-zh-TW.css -&gt; C:\Users\Mavidian\Source\Repos\DataConveyer\DataConveyer_doc\Help\Working\Output\Website\styles\branding-zh-TW.css
C:\Program Files (x86)\EWSoftware\Sandcastle Help File Builder\PresentationStyles\VS2013\styles\branding.css -&gt; C:\Users\Mavidian\Source\Repos\DataConveyer\DataConveyer_doc\Help\Working\Output\Website\styles\branding.css
C:\Program Files (x86)\EWSoftware\Sandcastle Help File Builder\PresentationStyles\VS2013\Web\index.html -&gt; C:\Users\Mavidian\Source\Repos\DataConveyer\DataConveyer_doc\Help\Working\Output\Website\index.html
C:\Program Files (x86)\EWSoftware\Sandcastle Help File Builder\PresentationStyles\VS2013\Web\search.html -&gt; C:\Users\Mavidian\Source\Repos\DataConveyer\DataConveyer_doc\Help\Working\Output\Website\search.html
C:\Program Files (x86)\EWSoftware\Sandcastle Help File Builder\PresentationStyles\VS2013\Web\SearchHelp.aspx -&gt; C:\Users\Mavidian\Source\Repos\DataConveyer\DataConveyer_doc\Help\Working\Output\Website\SearchHelp.aspx
C:\Program Files (x86)\EWSoftware\Sandcastle Help File Builder\PresentationStyles\VS2013\Web\SearchHelp.inc.php -&gt; C:\Users\Mavidian\Source\Repos\DataConveyer\DataConveyer_doc\Help\Working\Output\Website\SearchHelp.inc.php
C:\Program Files (x86)\EWSoftware\Sandcastle Help File Builder\PresentationStyles\VS2013\Web\SearchHelp.php -&gt; C:\Users\Mavidian\Source\Repos\DataConveyer\DataConveyer_doc\Help\Working\Output\Website\SearchHelp.php
C:\Program Files (x86)\EWSoftware\Sandcastle Help File Builder\PresentationStyles\VS2013\Web\Web.Config -&gt; C:\Users\Mavidian\Source\Repos\DataConveyer\DataConveyer_doc\Help\Working\Output\Website\Web.Config
C:\Program Files (x86)\EWSoftware\Sandcastle Help File Builder\PresentationStyles\VS2013\Web\html\GeneralError.htm -&gt; C:\Users\Mavidian\Source\Repos\DataConveyer\DataConveyer_doc\Help\Working\Output\Website\html\GeneralError.htm
C:\Program Files (x86)\EWSoftware\Sandcastle Help File Builder\PresentationStyles\VS2013\Web\html\PageNotFound.htm -&gt; C:\Users\Mavidian\Source\Repos\DataConveyer\DataConveyer_doc\Help\Working\Output\Website\html\PageNotFound.htm
C:\Program Files (x86)\EWSoftware\Sandcastle Help File Builder\PresentationStyles\VS2013\Web\icons\Search.png -&gt; C:\Users\Mavidian\Source\Repos\DataConveyer\DataConveyer_doc\Help\Working\Output\Website\icons\Search.png
C:\Program Files (x86)\EWSoftware\Sandcastle Help File Builder\PresentationStyles\VS2013\Web\icons\TocClose.gif -&gt; C:\Users\Mavidian\Source\Repos\DataConveyer\DataConveyer_doc\Help\Working\Output\Website\icons\TocClose.gif
C:\Program Files (x86)\EWSoftware\Sandcastle Help File Builder\PresentationStyles\VS2013\Web\icons\TocCollapsed.gif -&gt; C:\Users\Mavidian\Source\Repos\DataConveyer\DataConveyer_doc\Help\Working\Output\Website\icons\TocCollapsed.gif
C:\Program Files (x86)\EWSoftware\Sandcastle Help File Builder\PresentationStyles\VS2013\Web\icons\TocExpanded.gif -&gt; C:\Users\Mavidian\Source\Repos\DataConveyer\DataConveyer_doc\Help\Working\Output\Website\icons\TocExpanded.gif
C:\Program Files (x86)\EWSoftware\Sandcastle Help File Builder\PresentationStyles\VS2013\Web\icons\TocOpen.gif -&gt; C:\Users\Mavidian\Source\Repos\DataConveyer\DataConveyer_doc\Help\Working\Output\Website\icons\TocOpen.gif
C:\Program Files (x86)\EWSoftware\Sandcastle Help File Builder\PresentationStyles\VS2013\Web\scripts\branding-Website.js -&gt; C:\Users\Mavidian\Source\Repos\DataConveyer\DataConveyer_doc\Help\Working\Output\Website\scripts\branding-Website.js
C:\Program Files (x86)\EWSoftware\Sandcastle Help File Builder\PresentationStyles\VS2013\Web\scripts\clipboard.min.js -&gt; C:\Users\Mavidian\Source\Repos\DataConveyer\DataConveyer_doc\Help\Working\Output\Website\scripts\clipboard.min.js
C:\Program Files (x86)\EWSoftware\Sandcastle Help File Builder\PresentationStyles\VS2013\Web\scripts\jquery-3.3.1.min.js -&gt; C:\Users\Mavidian\Source\Repos\DataConveyer\DataConveyer_doc\Help\Working\Output\Website\scripts\jquery-3.3.1.min.js
    Last step completed in 00:00:00.7460
</buildStep>
<buildStep step="GenerateHelpFormatTableOfContents">
Generating HTML Help 1 table of contents file...
    Last step completed in 00:00:00.0000
</buildStep>
<buildStep step="GenerateHelpFileIndex">
Generating HTML Help 1 index file...
    Last step completed in 00:00:00.0000
</buildStep>
<buildStep step="GenerateHelpProject">
Generating HTML Help 1 project file...
    Last step completed in 00:00:00.0080
</buildStep>
<buildStep step="CompilingHelpFile">
Compiling HTML Help 1 file...
[C:\Program Files (x86)\Microsoft Visual Studio\2019\Community\MSBuild\Current\Bin\MSBuild.exe - Build1xHelpFile.proj]
  Microsoft HTML Help Compiler 4.74.8702
  
  
  
  Compiling c:\Users\Mavidian\Source\Repos\DataConveyer\DataConveyer_doc\Help\Working\Output\HtmlHelp1\DataConveyer.chm
  
  
  
  
  
  Compile time: 0 minutes, 11 seconds
  
  406	Topics
  
  6,224	Local links
  
  658	Internet links
  
  0	Graphics
  
  
  
  
  
  Created c:\Users\Mavidian\Source\Repos\DataConveyer\DataConveyer_doc\Help\Working\Output\HtmlHelp1\DataConveyer.chm, 764,956 bytes
  
  Compression decreased file by 3,476,778 bytes.
  
    Last step completed in 00:00:12.5524
</buildStep>
<buildStep step="GenerateHelpFormatTableOfContents">
Generating website table of contents file...
    Last step completed in 00:00:00.0010
</buildStep>
<buildStep step="GenerateFullTextIndex">
Generating full-text index for the website...

<plugIn name="Lightweight Website Style" behavior="After" priority="1000">
Adding lightweight search and TOC elements to each topic...
</plugIn>    Last step completed in 00:00:00.5904
</buildStep>
<buildStep step="CopyingWebsiteFiles">
Copying website files to output folder...

Copied 500 files
Copied 593 files for the website content
    Last step completed in 00:00:00.8138
</buildStep>
<buildStep step="CleanIntermediates">
Removing intermediate files...
    Last step completed in 00:00:00.2005
</buildStep>
<buildStep step="Completed">

Build completed successfully at 6/2/2019 9:42:29 PM.  Total time: 00:00:31.2986

</buildStep>
</shfbBuild>
